<?xml version="1.0" encoding="UTF-8"?>
<!-- Generated by org.testng.reporters.JUnitReportReporter -->
<testsuite skipped="0" hostname="DESKTOP-AU4MO5H" name="com.app.test.HomePageTest" tests="6" failures="0" timestamp="26 Apr 2020 15:01:28 GMT" time="8.043" errors="0">
  <testcase name="VerifyTab" time="0.113" classname="com.app.test.HomePageTest"/>
  <testcase name="verifyCount" time="0.208" classname="com.app.test.HomePageTest"/>
  <testcase name="TshCheck" time="1.957" classname="com.app.test.HomePageTest"/>
  <testcase name="SizeCheck" time="0.171" classname="com.app.test.HomePageTest"/>
  <testcase name="Dresstab" time="3.286" classname="com.app.test.HomePageTest"/>
  <testcase name="WomenTab" time="2.308" classname="com.app.test.HomePageTest"/>
</testsuite> <!-- com.app.test.HomePageTest -->
